[2024-02-12T22:29:39.981+0000] {processor.py:157} INFO - Started process (PID=571) to work on /opt/airflow/dags/main.py
[2024-02-12T22:29:39.981+0000] {processor.py:829} INFO - Processing file /opt/airflow/dags/main.py for tasks to queue
[2024-02-12T22:29:39.983+0000] {logging_mixin.py:151} INFO - [2024-02-12T22:29:39.983+0000] {dagbag.py:539} INFO - Filling up the DagBag from /opt/airflow/dags/main.py
[2024-02-12T22:29:40.238+0000] {processor.py:839} INFO - DAG(s) dict_keys(['main_dag']) retrieved from /opt/airflow/dags/main.py
[2024-02-12T22:29:40.259+0000] {logging_mixin.py:151} INFO - [2024-02-12T22:29:40.259+0000] {dag.py:2915} INFO - Sync 1 DAGs
[2024-02-12T22:29:40.271+0000] {logging_mixin.py:151} INFO - [2024-02-12T22:29:40.271+0000] {dag.py:3696} INFO - Setting next_dagrun for main_dag to 2024-02-12T00:00:00+00:00, run_after=2024-02-13T00:00:00+00:00
[2024-02-12T22:29:40.285+0000] {processor.py:179} INFO - Processing /opt/airflow/dags/main.py took 0.307 seconds
[2024-02-12T22:30:10.433+0000] {processor.py:157} INFO - Started process (PID=590) to work on /opt/airflow/dags/main.py
[2024-02-12T22:30:10.438+0000] {processor.py:829} INFO - Processing file /opt/airflow/dags/main.py for tasks to queue
[2024-02-12T22:30:10.440+0000] {logging_mixin.py:151} INFO - [2024-02-12T22:30:10.440+0000] {dagbag.py:539} INFO - Filling up the DagBag from /opt/airflow/dags/main.py
[2024-02-12T22:30:10.675+0000] {processor.py:839} INFO - DAG(s) dict_keys(['main_dag']) retrieved from /opt/airflow/dags/main.py
[2024-02-12T22:30:10.696+0000] {logging_mixin.py:151} INFO - [2024-02-12T22:30:10.695+0000] {dag.py:2915} INFO - Sync 1 DAGs
[2024-02-12T22:30:10.707+0000] {logging_mixin.py:151} INFO - [2024-02-12T22:30:10.707+0000] {dag.py:3696} INFO - Setting next_dagrun for main_dag to 2024-02-12T00:00:00+00:00, run_after=2024-02-13T00:00:00+00:00
[2024-02-12T22:30:10.720+0000] {processor.py:179} INFO - Processing /opt/airflow/dags/main.py took 0.290 seconds
[2024-02-12T22:30:40.869+0000] {processor.py:157} INFO - Started process (PID=616) to work on /opt/airflow/dags/main.py
[2024-02-12T22:30:40.875+0000] {processor.py:829} INFO - Processing file /opt/airflow/dags/main.py for tasks to queue
[2024-02-12T22:30:40.877+0000] {logging_mixin.py:151} INFO - [2024-02-12T22:30:40.876+0000] {dagbag.py:539} INFO - Filling up the DagBag from /opt/airflow/dags/main.py
[2024-02-12T22:30:41.117+0000] {processor.py:839} INFO - DAG(s) dict_keys(['main_dag']) retrieved from /opt/airflow/dags/main.py
[2024-02-12T22:30:41.141+0000] {logging_mixin.py:151} INFO - [2024-02-12T22:30:41.140+0000] {dag.py:2915} INFO - Sync 1 DAGs
[2024-02-12T22:30:41.244+0000] {logging_mixin.py:151} INFO - [2024-02-12T22:30:41.244+0000] {dag.py:3696} INFO - Setting next_dagrun for main_dag to 2024-02-12T00:00:00+00:00, run_after=2024-02-13T00:00:00+00:00
[2024-02-12T22:30:41.258+0000] {processor.py:179} INFO - Processing /opt/airflow/dags/main.py took 0.391 seconds
[2024-02-12T22:31:11.407+0000] {processor.py:157} INFO - Started process (PID=641) to work on /opt/airflow/dags/main.py
[2024-02-12T22:31:11.408+0000] {processor.py:829} INFO - Processing file /opt/airflow/dags/main.py for tasks to queue
[2024-02-12T22:31:11.409+0000] {logging_mixin.py:151} INFO - [2024-02-12T22:31:11.409+0000] {dagbag.py:539} INFO - Filling up the DagBag from /opt/airflow/dags/main.py
[2024-02-12T22:31:11.640+0000] {processor.py:839} INFO - DAG(s) dict_keys(['main_dag']) retrieved from /opt/airflow/dags/main.py
[2024-02-12T22:31:11.660+0000] {logging_mixin.py:151} INFO - [2024-02-12T22:31:11.659+0000] {dag.py:2915} INFO - Sync 1 DAGs
[2024-02-12T22:31:11.755+0000] {logging_mixin.py:151} INFO - [2024-02-12T22:31:11.755+0000] {dag.py:3696} INFO - Setting next_dagrun for main_dag to 2024-02-12T00:00:00+00:00, run_after=2024-02-13T00:00:00+00:00
[2024-02-12T22:31:11.769+0000] {processor.py:179} INFO - Processing /opt/airflow/dags/main.py took 0.363 seconds
[2024-02-12T22:31:41.923+0000] {processor.py:157} INFO - Started process (PID=659) to work on /opt/airflow/dags/main.py
[2024-02-12T22:31:41.928+0000] {processor.py:829} INFO - Processing file /opt/airflow/dags/main.py for tasks to queue
[2024-02-12T22:31:41.929+0000] {logging_mixin.py:151} INFO - [2024-02-12T22:31:41.929+0000] {dagbag.py:539} INFO - Filling up the DagBag from /opt/airflow/dags/main.py
[2024-02-12T22:31:42.308+0000] {processor.py:839} INFO - DAG(s) dict_keys(['main_dag']) retrieved from /opt/airflow/dags/main.py
[2024-02-12T22:31:42.329+0000] {logging_mixin.py:151} INFO - [2024-02-12T22:31:42.328+0000] {dag.py:2915} INFO - Sync 1 DAGs
[2024-02-12T22:31:42.342+0000] {logging_mixin.py:151} INFO - [2024-02-12T22:31:42.342+0000] {dag.py:3696} INFO - Setting next_dagrun for main_dag to 2024-02-12T00:00:00+00:00, run_after=2024-02-13T00:00:00+00:00
[2024-02-12T22:31:42.365+0000] {processor.py:179} INFO - Processing /opt/airflow/dags/main.py took 0.446 seconds
[2024-02-12T22:32:12.513+0000] {processor.py:157} INFO - Started process (PID=685) to work on /opt/airflow/dags/main.py
[2024-02-12T22:32:12.519+0000] {processor.py:829} INFO - Processing file /opt/airflow/dags/main.py for tasks to queue
[2024-02-12T22:32:12.521+0000] {logging_mixin.py:151} INFO - [2024-02-12T22:32:12.521+0000] {dagbag.py:539} INFO - Filling up the DagBag from /opt/airflow/dags/main.py
[2024-02-12T22:32:12.856+0000] {processor.py:839} INFO - DAG(s) dict_keys(['main_dag']) retrieved from /opt/airflow/dags/main.py
[2024-02-12T22:32:12.877+0000] {logging_mixin.py:151} INFO - [2024-02-12T22:32:12.877+0000] {dag.py:2915} INFO - Sync 1 DAGs
[2024-02-12T22:32:12.890+0000] {logging_mixin.py:151} INFO - [2024-02-12T22:32:12.890+0000] {dag.py:3696} INFO - Setting next_dagrun for main_dag to 2024-02-12T00:00:00+00:00, run_after=2024-02-13T00:00:00+00:00
[2024-02-12T22:32:12.910+0000] {processor.py:179} INFO - Processing /opt/airflow/dags/main.py took 0.399 seconds
[2024-02-12T22:32:43.056+0000] {processor.py:157} INFO - Started process (PID=711) to work on /opt/airflow/dags/main.py
[2024-02-12T22:32:43.061+0000] {processor.py:829} INFO - Processing file /opt/airflow/dags/main.py for tasks to queue
[2024-02-12T22:32:43.062+0000] {logging_mixin.py:151} INFO - [2024-02-12T22:32:43.062+0000] {dagbag.py:539} INFO - Filling up the DagBag from /opt/airflow/dags/main.py
[2024-02-12T22:32:43.379+0000] {processor.py:839} INFO - DAG(s) dict_keys(['main_dag']) retrieved from /opt/airflow/dags/main.py
[2024-02-12T22:32:43.397+0000] {logging_mixin.py:151} INFO - [2024-02-12T22:32:43.397+0000] {dag.py:2915} INFO - Sync 1 DAGs
[2024-02-12T22:32:43.407+0000] {logging_mixin.py:151} INFO - [2024-02-12T22:32:43.407+0000] {dag.py:3696} INFO - Setting next_dagrun for main_dag to 2024-02-12T00:00:00+00:00, run_after=2024-02-13T00:00:00+00:00
[2024-02-12T22:32:43.421+0000] {processor.py:179} INFO - Processing /opt/airflow/dags/main.py took 0.367 seconds
[2024-02-12T22:33:13.565+0000] {processor.py:157} INFO - Started process (PID=737) to work on /opt/airflow/dags/main.py
[2024-02-12T22:33:13.570+0000] {processor.py:829} INFO - Processing file /opt/airflow/dags/main.py for tasks to queue
[2024-02-12T22:33:13.571+0000] {logging_mixin.py:151} INFO - [2024-02-12T22:33:13.571+0000] {dagbag.py:539} INFO - Filling up the DagBag from /opt/airflow/dags/main.py
[2024-02-12T22:33:13.915+0000] {processor.py:839} INFO - DAG(s) dict_keys(['main_dag']) retrieved from /opt/airflow/dags/main.py
[2024-02-12T22:33:13.936+0000] {logging_mixin.py:151} INFO - [2024-02-12T22:33:13.935+0000] {dag.py:2915} INFO - Sync 1 DAGs
[2024-02-12T22:33:13.948+0000] {logging_mixin.py:151} INFO - [2024-02-12T22:33:13.948+0000] {dag.py:3696} INFO - Setting next_dagrun for main_dag to 2024-02-12T00:00:00+00:00, run_after=2024-02-13T00:00:00+00:00
[2024-02-12T22:33:13.964+0000] {processor.py:179} INFO - Processing /opt/airflow/dags/main.py took 0.402 seconds
[2024-02-12T22:33:44.613+0000] {processor.py:157} INFO - Started process (PID=756) to work on /opt/airflow/dags/main.py
[2024-02-12T22:33:44.614+0000] {processor.py:829} INFO - Processing file /opt/airflow/dags/main.py for tasks to queue
[2024-02-12T22:33:44.615+0000] {logging_mixin.py:151} INFO - [2024-02-12T22:33:44.615+0000] {dagbag.py:539} INFO - Filling up the DagBag from /opt/airflow/dags/main.py
[2024-02-12T22:33:44.998+0000] {processor.py:839} INFO - DAG(s) dict_keys(['main_dag']) retrieved from /opt/airflow/dags/main.py
[2024-02-12T22:33:45.018+0000] {logging_mixin.py:151} INFO - [2024-02-12T22:33:45.017+0000] {dag.py:2915} INFO - Sync 1 DAGs
[2024-02-12T22:33:45.029+0000] {logging_mixin.py:151} INFO - [2024-02-12T22:33:45.029+0000] {dag.py:3696} INFO - Setting next_dagrun for main_dag to 2024-02-12T00:00:00+00:00, run_after=2024-02-13T00:00:00+00:00
[2024-02-12T22:33:45.037+0000] {processor.py:179} INFO - Processing /opt/airflow/dags/main.py took 0.426 seconds
[2024-02-12T22:34:15.545+0000] {processor.py:157} INFO - Started process (PID=783) to work on /opt/airflow/dags/main.py
[2024-02-12T22:34:15.550+0000] {processor.py:829} INFO - Processing file /opt/airflow/dags/main.py for tasks to queue
[2024-02-12T22:34:15.551+0000] {logging_mixin.py:151} INFO - [2024-02-12T22:34:15.551+0000] {dagbag.py:539} INFO - Filling up the DagBag from /opt/airflow/dags/main.py
[2024-02-12T22:34:15.872+0000] {processor.py:839} INFO - DAG(s) dict_keys(['main_dag']) retrieved from /opt/airflow/dags/main.py
[2024-02-12T22:34:15.890+0000] {logging_mixin.py:151} INFO - [2024-02-12T22:34:15.890+0000] {dag.py:2915} INFO - Sync 1 DAGs
[2024-02-12T22:34:15.901+0000] {logging_mixin.py:151} INFO - [2024-02-12T22:34:15.901+0000] {dag.py:3696} INFO - Setting next_dagrun for main_dag to 2024-02-12T00:00:00+00:00, run_after=2024-02-13T00:00:00+00:00
[2024-02-12T22:34:15.914+0000] {processor.py:179} INFO - Processing /opt/airflow/dags/main.py took 0.371 seconds
[2024-02-12T22:34:46.033+0000] {processor.py:157} INFO - Started process (PID=810) to work on /opt/airflow/dags/main.py
[2024-02-12T22:34:46.034+0000] {processor.py:829} INFO - Processing file /opt/airflow/dags/main.py for tasks to queue
[2024-02-12T22:34:46.035+0000] {logging_mixin.py:151} INFO - [2024-02-12T22:34:46.035+0000] {dagbag.py:539} INFO - Filling up the DagBag from /opt/airflow/dags/main.py
[2024-02-12T22:34:46.510+0000] {processor.py:839} INFO - DAG(s) dict_keys(['main_dag']) retrieved from /opt/airflow/dags/main.py
[2024-02-12T22:34:46.529+0000] {logging_mixin.py:151} INFO - [2024-02-12T22:34:46.528+0000] {dag.py:2915} INFO - Sync 1 DAGs
[2024-02-12T22:34:46.540+0000] {logging_mixin.py:151} INFO - [2024-02-12T22:34:46.539+0000] {dag.py:3696} INFO - Setting next_dagrun for main_dag to 2024-02-12T00:00:00+00:00, run_after=2024-02-13T00:00:00+00:00
[2024-02-12T22:34:46.548+0000] {processor.py:179} INFO - Processing /opt/airflow/dags/main.py took 0.517 seconds
[2024-02-12T22:35:16.840+0000] {processor.py:157} INFO - Started process (PID=830) to work on /opt/airflow/dags/main.py
[2024-02-12T22:35:16.841+0000] {processor.py:829} INFO - Processing file /opt/airflow/dags/main.py for tasks to queue
[2024-02-12T22:35:16.842+0000] {logging_mixin.py:151} INFO - [2024-02-12T22:35:16.842+0000] {dagbag.py:539} INFO - Filling up the DagBag from /opt/airflow/dags/main.py
[2024-02-12T22:35:17.255+0000] {processor.py:839} INFO - DAG(s) dict_keys(['main_dag']) retrieved from /opt/airflow/dags/main.py
[2024-02-12T22:35:17.276+0000] {logging_mixin.py:151} INFO - [2024-02-12T22:35:17.275+0000] {dag.py:2915} INFO - Sync 1 DAGs
[2024-02-12T22:35:17.287+0000] {logging_mixin.py:151} INFO - [2024-02-12T22:35:17.287+0000] {dag.py:3696} INFO - Setting next_dagrun for main_dag to 2024-02-12T00:00:00+00:00, run_after=2024-02-13T00:00:00+00:00
[2024-02-12T22:35:17.295+0000] {processor.py:179} INFO - Processing /opt/airflow/dags/main.py took 0.457 seconds
[2024-02-12T22:35:47.966+0000] {processor.py:157} INFO - Started process (PID=857) to work on /opt/airflow/dags/main.py
[2024-02-12T22:35:47.967+0000] {processor.py:829} INFO - Processing file /opt/airflow/dags/main.py for tasks to queue
[2024-02-12T22:35:47.968+0000] {logging_mixin.py:151} INFO - [2024-02-12T22:35:47.967+0000] {dagbag.py:539} INFO - Filling up the DagBag from /opt/airflow/dags/main.py
[2024-02-12T22:35:48.598+0000] {processor.py:839} INFO - DAG(s) dict_keys(['main_dag']) retrieved from /opt/airflow/dags/main.py
[2024-02-12T22:35:48.622+0000] {logging_mixin.py:151} INFO - [2024-02-12T22:35:48.621+0000] {dag.py:2915} INFO - Sync 1 DAGs
[2024-02-12T22:35:48.635+0000] {logging_mixin.py:151} INFO - [2024-02-12T22:35:48.635+0000] {dag.py:3696} INFO - Setting next_dagrun for main_dag to 2024-02-12T00:00:00+00:00, run_after=2024-02-13T00:00:00+00:00
[2024-02-12T22:35:48.647+0000] {processor.py:179} INFO - Processing /opt/airflow/dags/main.py took 0.683 seconds
[2024-02-12T22:36:18.802+0000] {processor.py:157} INFO - Started process (PID=884) to work on /opt/airflow/dags/main.py
[2024-02-12T22:36:18.807+0000] {processor.py:829} INFO - Processing file /opt/airflow/dags/main.py for tasks to queue
[2024-02-12T22:36:18.809+0000] {logging_mixin.py:151} INFO - [2024-02-12T22:36:18.808+0000] {dagbag.py:539} INFO - Filling up the DagBag from /opt/airflow/dags/main.py
[2024-02-12T22:36:19.142+0000] {processor.py:839} INFO - DAG(s) dict_keys(['main_dag']) retrieved from /opt/airflow/dags/main.py
[2024-02-12T22:36:19.160+0000] {logging_mixin.py:151} INFO - [2024-02-12T22:36:19.159+0000] {dag.py:2915} INFO - Sync 1 DAGs
[2024-02-12T22:36:19.171+0000] {logging_mixin.py:151} INFO - [2024-02-12T22:36:19.171+0000] {dag.py:3696} INFO - Setting next_dagrun for main_dag to 2024-02-12T00:00:00+00:00, run_after=2024-02-13T00:00:00+00:00
[2024-02-12T22:36:19.179+0000] {processor.py:179} INFO - Processing /opt/airflow/dags/main.py took 0.379 seconds
[2024-02-12T22:36:52.459+0000] {processor.py:157} INFO - Started process (PID=911) to work on /opt/airflow/dags/main.py
[2024-02-12T22:36:52.460+0000] {processor.py:829} INFO - Processing file /opt/airflow/dags/main.py for tasks to queue
[2024-02-12T22:36:52.479+0000] {logging_mixin.py:151} INFO - [2024-02-12T22:36:52.477+0000] {dagbag.py:539} INFO - Filling up the DagBag from /opt/airflow/dags/main.py
[2024-02-12T22:36:53.306+0000] {processor.py:839} INFO - DAG(s) dict_keys(['main_dag']) retrieved from /opt/airflow/dags/main.py
[2024-02-12T22:36:53.330+0000] {logging_mixin.py:151} INFO - [2024-02-12T22:36:53.330+0000] {dag.py:2915} INFO - Sync 1 DAGs
[2024-02-12T22:36:53.343+0000] {logging_mixin.py:151} INFO - [2024-02-12T22:36:53.343+0000] {dag.py:3696} INFO - Setting next_dagrun for main_dag to 2024-02-12T00:00:00+00:00, run_after=2024-02-13T00:00:00+00:00
[2024-02-12T22:36:53.353+0000] {processor.py:179} INFO - Processing /opt/airflow/dags/main.py took 0.914 seconds
[2024-02-12T22:37:26.547+0000] {processor.py:157} INFO - Started process (PID=938) to work on /opt/airflow/dags/main.py
[2024-02-12T22:37:26.548+0000] {processor.py:829} INFO - Processing file /opt/airflow/dags/main.py for tasks to queue
[2024-02-12T22:37:26.550+0000] {logging_mixin.py:151} INFO - [2024-02-12T22:37:26.549+0000] {dagbag.py:539} INFO - Filling up the DagBag from /opt/airflow/dags/main.py
[2024-02-12T22:37:26.950+0000] {processor.py:839} INFO - DAG(s) dict_keys(['main_dag']) retrieved from /opt/airflow/dags/main.py
[2024-02-12T22:37:26.970+0000] {logging_mixin.py:151} INFO - [2024-02-12T22:37:26.970+0000] {dag.py:2915} INFO - Sync 1 DAGs
[2024-02-12T22:37:26.981+0000] {logging_mixin.py:151} INFO - [2024-02-12T22:37:26.981+0000] {dag.py:3696} INFO - Setting next_dagrun for main_dag to 2024-02-12T00:00:00+00:00, run_after=2024-02-13T00:00:00+00:00
[2024-02-12T22:37:26.988+0000] {processor.py:179} INFO - Processing /opt/airflow/dags/main.py took 0.443 seconds
[2024-02-12T22:38:00.852+0000] {processor.py:157} INFO - Started process (PID=966) to work on /opt/airflow/dags/main.py
[2024-02-12T22:38:00.853+0000] {processor.py:829} INFO - Processing file /opt/airflow/dags/main.py for tasks to queue
[2024-02-12T22:38:00.854+0000] {logging_mixin.py:151} INFO - [2024-02-12T22:38:00.854+0000] {dagbag.py:539} INFO - Filling up the DagBag from /opt/airflow/dags/main.py
[2024-02-12T22:38:01.290+0000] {processor.py:839} INFO - DAG(s) dict_keys(['main_dag']) retrieved from /opt/airflow/dags/main.py
[2024-02-12T22:38:01.311+0000] {logging_mixin.py:151} INFO - [2024-02-12T22:38:01.310+0000] {dag.py:2915} INFO - Sync 1 DAGs
[2024-02-12T22:38:01.321+0000] {logging_mixin.py:151} INFO - [2024-02-12T22:38:01.321+0000] {dag.py:3696} INFO - Setting next_dagrun for main_dag to 2024-02-12T00:00:00+00:00, run_after=2024-02-13T00:00:00+00:00
[2024-02-12T22:38:01.331+0000] {processor.py:179} INFO - Processing /opt/airflow/dags/main.py took 0.481 seconds
[2024-02-12T22:38:34.483+0000] {processor.py:157} INFO - Started process (PID=992) to work on /opt/airflow/dags/main.py
[2024-02-12T22:38:34.484+0000] {processor.py:829} INFO - Processing file /opt/airflow/dags/main.py for tasks to queue
[2024-02-12T22:38:34.485+0000] {logging_mixin.py:151} INFO - [2024-02-12T22:38:34.485+0000] {dagbag.py:539} INFO - Filling up the DagBag from /opt/airflow/dags/main.py
[2024-02-12T22:38:34.802+0000] {processor.py:839} INFO - DAG(s) dict_keys(['main_dag']) retrieved from /opt/airflow/dags/main.py
[2024-02-12T22:38:34.820+0000] {logging_mixin.py:151} INFO - [2024-02-12T22:38:34.820+0000] {dag.py:2915} INFO - Sync 1 DAGs
[2024-02-12T22:38:34.831+0000] {logging_mixin.py:151} INFO - [2024-02-12T22:38:34.831+0000] {dag.py:3696} INFO - Setting next_dagrun for main_dag to 2024-02-12T00:00:00+00:00, run_after=2024-02-13T00:00:00+00:00
[2024-02-12T22:38:34.840+0000] {processor.py:179} INFO - Processing /opt/airflow/dags/main.py took 0.359 seconds
[2024-02-12T22:39:08.234+0000] {processor.py:157} INFO - Started process (PID=1019) to work on /opt/airflow/dags/main.py
[2024-02-12T22:39:08.235+0000] {processor.py:829} INFO - Processing file /opt/airflow/dags/main.py for tasks to queue
[2024-02-12T22:39:08.237+0000] {logging_mixin.py:151} INFO - [2024-02-12T22:39:08.236+0000] {dagbag.py:539} INFO - Filling up the DagBag from /opt/airflow/dags/main.py
[2024-02-12T22:39:08.548+0000] {processor.py:839} INFO - DAG(s) dict_keys(['main_dag']) retrieved from /opt/airflow/dags/main.py
[2024-02-12T22:39:08.567+0000] {logging_mixin.py:151} INFO - [2024-02-12T22:39:08.567+0000] {dag.py:2915} INFO - Sync 1 DAGs
[2024-02-12T22:39:08.580+0000] {logging_mixin.py:151} INFO - [2024-02-12T22:39:08.580+0000] {dag.py:3696} INFO - Setting next_dagrun for main_dag to 2024-02-12T00:00:00+00:00, run_after=2024-02-13T00:00:00+00:00
[2024-02-12T22:39:08.589+0000] {processor.py:179} INFO - Processing /opt/airflow/dags/main.py took 0.357 seconds
[2024-02-12T22:39:42.035+0000] {processor.py:157} INFO - Started process (PID=1045) to work on /opt/airflow/dags/main.py
[2024-02-12T22:39:42.036+0000] {processor.py:829} INFO - Processing file /opt/airflow/dags/main.py for tasks to queue
[2024-02-12T22:39:42.037+0000] {logging_mixin.py:151} INFO - [2024-02-12T22:39:42.037+0000] {dagbag.py:539} INFO - Filling up the DagBag from /opt/airflow/dags/main.py
[2024-02-12T22:39:42.356+0000] {processor.py:839} INFO - DAG(s) dict_keys(['main_dag']) retrieved from /opt/airflow/dags/main.py
[2024-02-12T22:39:42.374+0000] {logging_mixin.py:151} INFO - [2024-02-12T22:39:42.373+0000] {dag.py:2915} INFO - Sync 1 DAGs
[2024-02-12T22:39:42.385+0000] {logging_mixin.py:151} INFO - [2024-02-12T22:39:42.385+0000] {dag.py:3696} INFO - Setting next_dagrun for main_dag to 2024-02-12T00:00:00+00:00, run_after=2024-02-13T00:00:00+00:00
[2024-02-12T22:39:42.393+0000] {processor.py:179} INFO - Processing /opt/airflow/dags/main.py took 0.360 seconds
[2024-02-12T22:40:15.964+0000] {processor.py:157} INFO - Started process (PID=1072) to work on /opt/airflow/dags/main.py
[2024-02-12T22:40:15.964+0000] {processor.py:829} INFO - Processing file /opt/airflow/dags/main.py for tasks to queue
[2024-02-12T22:40:15.966+0000] {logging_mixin.py:151} INFO - [2024-02-12T22:40:15.966+0000] {dagbag.py:539} INFO - Filling up the DagBag from /opt/airflow/dags/main.py
[2024-02-12T22:40:16.287+0000] {processor.py:839} INFO - DAG(s) dict_keys(['main_dag']) retrieved from /opt/airflow/dags/main.py
[2024-02-12T22:40:16.306+0000] {logging_mixin.py:151} INFO - [2024-02-12T22:40:16.305+0000] {dag.py:2915} INFO - Sync 1 DAGs
[2024-02-12T22:40:16.317+0000] {logging_mixin.py:151} INFO - [2024-02-12T22:40:16.317+0000] {dag.py:3696} INFO - Setting next_dagrun for main_dag to 2024-02-12T00:00:00+00:00, run_after=2024-02-13T00:00:00+00:00
[2024-02-12T22:40:16.325+0000] {processor.py:179} INFO - Processing /opt/airflow/dags/main.py took 0.364 seconds
[2024-02-12T22:40:50.174+0000] {processor.py:157} INFO - Started process (PID=1100) to work on /opt/airflow/dags/main.py
[2024-02-12T22:40:50.175+0000] {processor.py:829} INFO - Processing file /opt/airflow/dags/main.py for tasks to queue
[2024-02-12T22:40:50.176+0000] {logging_mixin.py:151} INFO - [2024-02-12T22:40:50.176+0000] {dagbag.py:539} INFO - Filling up the DagBag from /opt/airflow/dags/main.py
[2024-02-12T22:40:50.578+0000] {processor.py:839} INFO - DAG(s) dict_keys(['main_dag']) retrieved from /opt/airflow/dags/main.py
[2024-02-12T22:40:50.598+0000] {logging_mixin.py:151} INFO - [2024-02-12T22:40:50.598+0000] {dag.py:2915} INFO - Sync 1 DAGs
[2024-02-12T22:40:50.609+0000] {logging_mixin.py:151} INFO - [2024-02-12T22:40:50.609+0000] {dag.py:3696} INFO - Setting next_dagrun for main_dag to 2024-02-12T00:00:00+00:00, run_after=2024-02-13T00:00:00+00:00
[2024-02-12T22:40:50.617+0000] {processor.py:179} INFO - Processing /opt/airflow/dags/main.py took 0.446 seconds
[2024-02-12T22:41:24.389+0000] {processor.py:157} INFO - Started process (PID=1127) to work on /opt/airflow/dags/main.py
[2024-02-12T22:41:24.390+0000] {processor.py:829} INFO - Processing file /opt/airflow/dags/main.py for tasks to queue
[2024-02-12T22:41:24.391+0000] {logging_mixin.py:151} INFO - [2024-02-12T22:41:24.390+0000] {dagbag.py:539} INFO - Filling up the DagBag from /opt/airflow/dags/main.py
[2024-02-12T22:41:24.848+0000] {processor.py:839} INFO - DAG(s) dict_keys(['main_dag']) retrieved from /opt/airflow/dags/main.py
[2024-02-12T22:41:24.871+0000] {logging_mixin.py:151} INFO - [2024-02-12T22:41:24.871+0000] {dag.py:2915} INFO - Sync 1 DAGs
[2024-02-12T22:41:24.883+0000] {logging_mixin.py:151} INFO - [2024-02-12T22:41:24.883+0000] {dag.py:3696} INFO - Setting next_dagrun for main_dag to 2024-02-12T00:00:00+00:00, run_after=2024-02-13T00:00:00+00:00
[2024-02-12T22:41:24.892+0000] {processor.py:179} INFO - Processing /opt/airflow/dags/main.py took 0.505 seconds
[2024-02-12T22:41:58.645+0000] {processor.py:157} INFO - Started process (PID=1154) to work on /opt/airflow/dags/main.py
[2024-02-12T22:41:58.645+0000] {processor.py:829} INFO - Processing file /opt/airflow/dags/main.py for tasks to queue
[2024-02-12T22:41:58.647+0000] {logging_mixin.py:151} INFO - [2024-02-12T22:41:58.646+0000] {dagbag.py:539} INFO - Filling up the DagBag from /opt/airflow/dags/main.py
[2024-02-12T22:41:58.976+0000] {processor.py:839} INFO - DAG(s) dict_keys(['main_dag']) retrieved from /opt/airflow/dags/main.py
[2024-02-12T22:41:58.998+0000] {logging_mixin.py:151} INFO - [2024-02-12T22:41:58.998+0000] {dag.py:2915} INFO - Sync 1 DAGs
[2024-02-12T22:41:59.011+0000] {logging_mixin.py:151} INFO - [2024-02-12T22:41:59.011+0000] {dag.py:3696} INFO - Setting next_dagrun for main_dag to 2024-02-12T00:00:00+00:00, run_after=2024-02-13T00:00:00+00:00
[2024-02-12T22:41:59.020+0000] {processor.py:179} INFO - Processing /opt/airflow/dags/main.py took 0.377 seconds
[2024-02-12T22:42:32.921+0000] {processor.py:157} INFO - Started process (PID=1182) to work on /opt/airflow/dags/main.py
[2024-02-12T22:42:32.921+0000] {processor.py:829} INFO - Processing file /opt/airflow/dags/main.py for tasks to queue
[2024-02-12T22:42:32.923+0000] {logging_mixin.py:151} INFO - [2024-02-12T22:42:32.922+0000] {dagbag.py:539} INFO - Filling up the DagBag from /opt/airflow/dags/main.py
[2024-02-12T22:42:33.253+0000] {processor.py:839} INFO - DAG(s) dict_keys(['main_dag']) retrieved from /opt/airflow/dags/main.py
[2024-02-12T22:42:33.276+0000] {logging_mixin.py:151} INFO - [2024-02-12T22:42:33.275+0000] {dag.py:2915} INFO - Sync 1 DAGs
[2024-02-12T22:42:33.287+0000] {logging_mixin.py:151} INFO - [2024-02-12T22:42:33.287+0000] {dag.py:3696} INFO - Setting next_dagrun for main_dag to 2024-02-12T00:00:00+00:00, run_after=2024-02-13T00:00:00+00:00
[2024-02-12T22:42:33.297+0000] {processor.py:179} INFO - Processing /opt/airflow/dags/main.py took 0.378 seconds
[2024-02-12T22:43:07.435+0000] {processor.py:157} INFO - Started process (PID=1207) to work on /opt/airflow/dags/main.py
[2024-02-12T22:43:07.436+0000] {processor.py:829} INFO - Processing file /opt/airflow/dags/main.py for tasks to queue
[2024-02-12T22:43:07.437+0000] {logging_mixin.py:151} INFO - [2024-02-12T22:43:07.437+0000] {dagbag.py:539} INFO - Filling up the DagBag from /opt/airflow/dags/main.py
[2024-02-12T22:43:07.778+0000] {processor.py:839} INFO - DAG(s) dict_keys(['main_dag']) retrieved from /opt/airflow/dags/main.py
[2024-02-12T22:43:07.801+0000] {logging_mixin.py:151} INFO - [2024-02-12T22:43:07.801+0000] {dag.py:2915} INFO - Sync 1 DAGs
[2024-02-12T22:43:07.813+0000] {logging_mixin.py:151} INFO - [2024-02-12T22:43:07.813+0000] {dag.py:3696} INFO - Setting next_dagrun for main_dag to 2024-02-12T00:00:00+00:00, run_after=2024-02-13T00:00:00+00:00
[2024-02-12T22:43:07.823+0000] {processor.py:179} INFO - Processing /opt/airflow/dags/main.py took 0.389 seconds
[2024-02-12T22:43:42.791+0000] {processor.py:157} INFO - Started process (PID=1234) to work on /opt/airflow/dags/main.py
[2024-02-12T22:43:42.792+0000] {processor.py:829} INFO - Processing file /opt/airflow/dags/main.py for tasks to queue
[2024-02-12T22:43:42.793+0000] {logging_mixin.py:151} INFO - [2024-02-12T22:43:42.793+0000] {dagbag.py:539} INFO - Filling up the DagBag from /opt/airflow/dags/main.py
[2024-02-12T22:43:43.118+0000] {processor.py:839} INFO - DAG(s) dict_keys(['main_dag']) retrieved from /opt/airflow/dags/main.py
[2024-02-12T22:43:43.140+0000] {logging_mixin.py:151} INFO - [2024-02-12T22:43:43.140+0000] {dag.py:2915} INFO - Sync 1 DAGs
[2024-02-12T22:43:43.152+0000] {logging_mixin.py:151} INFO - [2024-02-12T22:43:43.152+0000] {dag.py:3696} INFO - Setting next_dagrun for main_dag to 2024-02-12T00:00:00+00:00, run_after=2024-02-13T00:00:00+00:00
[2024-02-12T22:43:43.160+0000] {processor.py:179} INFO - Processing /opt/airflow/dags/main.py took 0.371 seconds
[2024-02-12T22:44:17.351+0000] {processor.py:157} INFO - Started process (PID=1262) to work on /opt/airflow/dags/main.py
[2024-02-12T22:44:17.351+0000] {processor.py:829} INFO - Processing file /opt/airflow/dags/main.py for tasks to queue
[2024-02-12T22:44:17.353+0000] {logging_mixin.py:151} INFO - [2024-02-12T22:44:17.352+0000] {dagbag.py:539} INFO - Filling up the DagBag from /opt/airflow/dags/main.py
[2024-02-12T22:44:17.702+0000] {processor.py:839} INFO - DAG(s) dict_keys(['main_dag']) retrieved from /opt/airflow/dags/main.py
[2024-02-12T22:44:17.725+0000] {logging_mixin.py:151} INFO - [2024-02-12T22:44:17.725+0000] {dag.py:2915} INFO - Sync 1 DAGs
[2024-02-12T22:44:17.737+0000] {logging_mixin.py:151} INFO - [2024-02-12T22:44:17.737+0000] {dag.py:3696} INFO - Setting next_dagrun for main_dag to 2024-02-12T00:00:00+00:00, run_after=2024-02-13T00:00:00+00:00
[2024-02-12T22:44:17.747+0000] {processor.py:179} INFO - Processing /opt/airflow/dags/main.py took 0.399 seconds
[2024-02-12T22:44:51.985+0000] {processor.py:157} INFO - Started process (PID=1289) to work on /opt/airflow/dags/main.py
[2024-02-12T22:44:51.985+0000] {processor.py:829} INFO - Processing file /opt/airflow/dags/main.py for tasks to queue
[2024-02-12T22:44:51.987+0000] {logging_mixin.py:151} INFO - [2024-02-12T22:44:51.987+0000] {dagbag.py:539} INFO - Filling up the DagBag from /opt/airflow/dags/main.py
[2024-02-12T22:44:52.351+0000] {processor.py:839} INFO - DAG(s) dict_keys(['main_dag']) retrieved from /opt/airflow/dags/main.py
[2024-02-12T22:44:52.375+0000] {logging_mixin.py:151} INFO - [2024-02-12T22:44:52.374+0000] {dag.py:2915} INFO - Sync 1 DAGs
[2024-02-12T22:44:52.388+0000] {logging_mixin.py:151} INFO - [2024-02-12T22:44:52.388+0000] {dag.py:3696} INFO - Setting next_dagrun for main_dag to 2024-02-12T00:00:00+00:00, run_after=2024-02-13T00:00:00+00:00
[2024-02-12T22:44:52.398+0000] {processor.py:179} INFO - Processing /opt/airflow/dags/main.py took 0.415 seconds
[2024-02-12T22:45:26.676+0000] {processor.py:157} INFO - Started process (PID=1316) to work on /opt/airflow/dags/main.py
[2024-02-12T22:45:26.677+0000] {processor.py:829} INFO - Processing file /opt/airflow/dags/main.py for tasks to queue
[2024-02-12T22:45:26.678+0000] {logging_mixin.py:151} INFO - [2024-02-12T22:45:26.678+0000] {dagbag.py:539} INFO - Filling up the DagBag from /opt/airflow/dags/main.py
[2024-02-12T22:45:27.051+0000] {processor.py:839} INFO - DAG(s) dict_keys(['main_dag']) retrieved from /opt/airflow/dags/main.py
[2024-02-12T22:45:27.182+0000] {logging_mixin.py:151} INFO - [2024-02-12T22:45:27.181+0000] {dag.py:2915} INFO - Sync 1 DAGs
[2024-02-12T22:45:27.194+0000] {logging_mixin.py:151} INFO - [2024-02-12T22:45:27.194+0000] {dag.py:3696} INFO - Setting next_dagrun for main_dag to 2024-02-12T00:00:00+00:00, run_after=2024-02-13T00:00:00+00:00
[2024-02-12T22:45:27.204+0000] {processor.py:179} INFO - Processing /opt/airflow/dags/main.py took 0.530 seconds
[2024-02-12T22:46:01.241+0000] {processor.py:157} INFO - Started process (PID=1343) to work on /opt/airflow/dags/main.py
[2024-02-12T22:46:01.242+0000] {processor.py:829} INFO - Processing file /opt/airflow/dags/main.py for tasks to queue
[2024-02-12T22:46:01.243+0000] {logging_mixin.py:151} INFO - [2024-02-12T22:46:01.243+0000] {dagbag.py:539} INFO - Filling up the DagBag from /opt/airflow/dags/main.py
[2024-02-12T22:46:01.708+0000] {processor.py:839} INFO - DAG(s) dict_keys(['main_dag']) retrieved from /opt/airflow/dags/main.py
[2024-02-12T22:46:01.729+0000] {logging_mixin.py:151} INFO - [2024-02-12T22:46:01.729+0000] {dag.py:2915} INFO - Sync 1 DAGs
[2024-02-12T22:46:01.740+0000] {logging_mixin.py:151} INFO - [2024-02-12T22:46:01.740+0000] {dag.py:3696} INFO - Setting next_dagrun for main_dag to 2024-02-12T00:00:00+00:00, run_after=2024-02-13T00:00:00+00:00
[2024-02-12T22:46:01.748+0000] {processor.py:179} INFO - Processing /opt/airflow/dags/main.py took 0.510 seconds
[2024-02-12T22:46:35.974+0000] {processor.py:157} INFO - Started process (PID=1371) to work on /opt/airflow/dags/main.py
[2024-02-12T22:46:35.975+0000] {processor.py:829} INFO - Processing file /opt/airflow/dags/main.py for tasks to queue
[2024-02-12T22:46:35.976+0000] {logging_mixin.py:151} INFO - [2024-02-12T22:46:35.976+0000] {dagbag.py:539} INFO - Filling up the DagBag from /opt/airflow/dags/main.py
[2024-02-12T22:46:36.519+0000] {processor.py:839} INFO - DAG(s) dict_keys(['main_dag']) retrieved from /opt/airflow/dags/main.py
[2024-02-12T22:46:36.541+0000] {logging_mixin.py:151} INFO - [2024-02-12T22:46:36.541+0000] {dag.py:2915} INFO - Sync 1 DAGs
[2024-02-12T22:46:36.553+0000] {logging_mixin.py:151} INFO - [2024-02-12T22:46:36.553+0000] {dag.py:3696} INFO - Setting next_dagrun for main_dag to 2024-02-12T00:00:00+00:00, run_after=2024-02-13T00:00:00+00:00
[2024-02-12T22:46:36.562+0000] {processor.py:179} INFO - Processing /opt/airflow/dags/main.py took 0.590 seconds
[2024-02-12T22:47:10.838+0000] {processor.py:157} INFO - Started process (PID=1398) to work on /opt/airflow/dags/main.py
[2024-02-12T22:47:10.839+0000] {processor.py:829} INFO - Processing file /opt/airflow/dags/main.py for tasks to queue
[2024-02-12T22:47:10.840+0000] {logging_mixin.py:151} INFO - [2024-02-12T22:47:10.840+0000] {dagbag.py:539} INFO - Filling up the DagBag from /opt/airflow/dags/main.py
[2024-02-12T22:47:11.270+0000] {processor.py:839} INFO - DAG(s) dict_keys(['main_dag']) retrieved from /opt/airflow/dags/main.py
[2024-02-12T22:47:11.293+0000] {logging_mixin.py:151} INFO - [2024-02-12T22:47:11.293+0000] {dag.py:2915} INFO - Sync 1 DAGs
[2024-02-12T22:47:11.306+0000] {logging_mixin.py:151} INFO - [2024-02-12T22:47:11.306+0000] {dag.py:3696} INFO - Setting next_dagrun for main_dag to 2024-02-12T00:00:00+00:00, run_after=2024-02-13T00:00:00+00:00
[2024-02-12T22:47:11.315+0000] {processor.py:179} INFO - Processing /opt/airflow/dags/main.py took 0.478 seconds
[2024-02-12T22:47:45.037+0000] {processor.py:157} INFO - Started process (PID=1425) to work on /opt/airflow/dags/main.py
[2024-02-12T22:47:45.037+0000] {processor.py:829} INFO - Processing file /opt/airflow/dags/main.py for tasks to queue
[2024-02-12T22:47:45.038+0000] {logging_mixin.py:151} INFO - [2024-02-12T22:47:45.038+0000] {dagbag.py:539} INFO - Filling up the DagBag from /opt/airflow/dags/main.py
[2024-02-12T22:47:45.453+0000] {processor.py:839} INFO - DAG(s) dict_keys(['main_dag']) retrieved from /opt/airflow/dags/main.py
[2024-02-12T22:47:45.478+0000] {logging_mixin.py:151} INFO - [2024-02-12T22:47:45.477+0000] {dag.py:2915} INFO - Sync 1 DAGs
[2024-02-12T22:47:45.494+0000] {logging_mixin.py:151} INFO - [2024-02-12T22:47:45.493+0000] {dag.py:3696} INFO - Setting next_dagrun for main_dag to 2024-02-12T00:00:00+00:00, run_after=2024-02-13T00:00:00+00:00
[2024-02-12T22:47:45.503+0000] {processor.py:179} INFO - Processing /opt/airflow/dags/main.py took 0.469 seconds
[2024-02-12T22:48:18.963+0000] {processor.py:157} INFO - Started process (PID=1452) to work on /opt/airflow/dags/main.py
[2024-02-12T22:48:18.964+0000] {processor.py:829} INFO - Processing file /opt/airflow/dags/main.py for tasks to queue
[2024-02-12T22:48:18.965+0000] {logging_mixin.py:151} INFO - [2024-02-12T22:48:18.965+0000] {dagbag.py:539} INFO - Filling up the DagBag from /opt/airflow/dags/main.py
[2024-02-12T22:48:19.275+0000] {processor.py:839} INFO - DAG(s) dict_keys(['main_dag']) retrieved from /opt/airflow/dags/main.py
[2024-02-12T22:48:19.293+0000] {logging_mixin.py:151} INFO - [2024-02-12T22:48:19.293+0000] {dag.py:2915} INFO - Sync 1 DAGs
[2024-02-12T22:48:19.303+0000] {logging_mixin.py:151} INFO - [2024-02-12T22:48:19.303+0000] {dag.py:3696} INFO - Setting next_dagrun for main_dag to 2024-02-12T00:00:00+00:00, run_after=2024-02-13T00:00:00+00:00
[2024-02-12T22:48:19.316+0000] {processor.py:179} INFO - Processing /opt/airflow/dags/main.py took 0.355 seconds
[2024-02-12T22:48:53.343+0000] {processor.py:157} INFO - Started process (PID=1479) to work on /opt/airflow/dags/main.py
[2024-02-12T22:48:53.343+0000] {processor.py:829} INFO - Processing file /opt/airflow/dags/main.py for tasks to queue
[2024-02-12T22:48:53.344+0000] {logging_mixin.py:151} INFO - [2024-02-12T22:48:53.344+0000] {dagbag.py:539} INFO - Filling up the DagBag from /opt/airflow/dags/main.py
[2024-02-12T22:48:53.760+0000] {processor.py:839} INFO - DAG(s) dict_keys(['main_dag']) retrieved from /opt/airflow/dags/main.py
[2024-02-12T22:48:53.781+0000] {logging_mixin.py:151} INFO - [2024-02-12T22:48:53.780+0000] {dag.py:2915} INFO - Sync 1 DAGs
[2024-02-12T22:48:53.792+0000] {logging_mixin.py:151} INFO - [2024-02-12T22:48:53.792+0000] {dag.py:3696} INFO - Setting next_dagrun for main_dag to 2024-02-12T00:00:00+00:00, run_after=2024-02-13T00:00:00+00:00
[2024-02-12T22:48:53.801+0000] {processor.py:179} INFO - Processing /opt/airflow/dags/main.py took 0.461 seconds
[2024-02-12T22:49:27.228+0000] {processor.py:157} INFO - Started process (PID=1506) to work on /opt/airflow/dags/main.py
[2024-02-12T22:49:27.228+0000] {processor.py:829} INFO - Processing file /opt/airflow/dags/main.py for tasks to queue
[2024-02-12T22:49:27.230+0000] {logging_mixin.py:151} INFO - [2024-02-12T22:49:27.229+0000] {dagbag.py:539} INFO - Filling up the DagBag from /opt/airflow/dags/main.py
[2024-02-12T22:49:27.545+0000] {processor.py:839} INFO - DAG(s) dict_keys(['main_dag']) retrieved from /opt/airflow/dags/main.py
[2024-02-12T22:49:27.564+0000] {logging_mixin.py:151} INFO - [2024-02-12T22:49:27.563+0000] {dag.py:2915} INFO - Sync 1 DAGs
[2024-02-12T22:49:27.574+0000] {logging_mixin.py:151} INFO - [2024-02-12T22:49:27.574+0000] {dag.py:3696} INFO - Setting next_dagrun for main_dag to 2024-02-12T00:00:00+00:00, run_after=2024-02-13T00:00:00+00:00
[2024-02-12T22:49:27.582+0000] {processor.py:179} INFO - Processing /opt/airflow/dags/main.py took 0.357 seconds
[2024-02-12T22:50:01.159+0000] {processor.py:157} INFO - Started process (PID=1533) to work on /opt/airflow/dags/main.py
[2024-02-12T22:50:01.159+0000] {processor.py:829} INFO - Processing file /opt/airflow/dags/main.py for tasks to queue
[2024-02-12T22:50:01.161+0000] {logging_mixin.py:151} INFO - [2024-02-12T22:50:01.160+0000] {dagbag.py:539} INFO - Filling up the DagBag from /opt/airflow/dags/main.py
[2024-02-12T22:50:01.483+0000] {processor.py:839} INFO - DAG(s) dict_keys(['main_dag']) retrieved from /opt/airflow/dags/main.py
[2024-02-12T22:50:01.502+0000] {logging_mixin.py:151} INFO - [2024-02-12T22:50:01.502+0000] {dag.py:2915} INFO - Sync 1 DAGs
[2024-02-12T22:50:01.513+0000] {logging_mixin.py:151} INFO - [2024-02-12T22:50:01.513+0000] {dag.py:3696} INFO - Setting next_dagrun for main_dag to 2024-02-12T00:00:00+00:00, run_after=2024-02-13T00:00:00+00:00
[2024-02-12T22:50:01.526+0000] {processor.py:179} INFO - Processing /opt/airflow/dags/main.py took 0.369 seconds
[2024-02-12T22:50:35.185+0000] {processor.py:157} INFO - Started process (PID=1560) to work on /opt/airflow/dags/main.py
[2024-02-12T22:50:35.186+0000] {processor.py:829} INFO - Processing file /opt/airflow/dags/main.py for tasks to queue
[2024-02-12T22:50:35.187+0000] {logging_mixin.py:151} INFO - [2024-02-12T22:50:35.187+0000] {dagbag.py:539} INFO - Filling up the DagBag from /opt/airflow/dags/main.py
[2024-02-12T22:50:35.594+0000] {processor.py:839} INFO - DAG(s) dict_keys(['main_dag']) retrieved from /opt/airflow/dags/main.py
[2024-02-12T22:50:35.615+0000] {logging_mixin.py:151} INFO - [2024-02-12T22:50:35.615+0000] {dag.py:2915} INFO - Sync 1 DAGs
[2024-02-12T22:50:35.625+0000] {logging_mixin.py:151} INFO - [2024-02-12T22:50:35.625+0000] {dag.py:3696} INFO - Setting next_dagrun for main_dag to 2024-02-12T00:00:00+00:00, run_after=2024-02-13T00:00:00+00:00
[2024-02-12T22:50:35.633+0000] {processor.py:179} INFO - Processing /opt/airflow/dags/main.py took 0.450 seconds
[2024-02-12T22:51:09.702+0000] {processor.py:157} INFO - Started process (PID=1588) to work on /opt/airflow/dags/main.py
[2024-02-12T22:51:09.702+0000] {processor.py:829} INFO - Processing file /opt/airflow/dags/main.py for tasks to queue
[2024-02-12T22:51:09.704+0000] {logging_mixin.py:151} INFO - [2024-02-12T22:51:09.703+0000] {dagbag.py:539} INFO - Filling up the DagBag from /opt/airflow/dags/main.py
[2024-02-12T22:51:10.174+0000] {processor.py:839} INFO - DAG(s) dict_keys(['main_dag']) retrieved from /opt/airflow/dags/main.py
[2024-02-12T22:51:10.196+0000] {logging_mixin.py:151} INFO - [2024-02-12T22:51:10.196+0000] {dag.py:2915} INFO - Sync 1 DAGs
[2024-02-12T22:51:10.207+0000] {logging_mixin.py:151} INFO - [2024-02-12T22:51:10.206+0000] {dag.py:3696} INFO - Setting next_dagrun for main_dag to 2024-02-12T00:00:00+00:00, run_after=2024-02-13T00:00:00+00:00
[2024-02-12T22:51:10.215+0000] {processor.py:179} INFO - Processing /opt/airflow/dags/main.py took 0.516 seconds
[2024-02-12T22:51:44.567+0000] {processor.py:157} INFO - Started process (PID=1616) to work on /opt/airflow/dags/main.py
[2024-02-12T22:51:44.567+0000] {processor.py:829} INFO - Processing file /opt/airflow/dags/main.py for tasks to queue
[2024-02-12T22:51:44.569+0000] {logging_mixin.py:151} INFO - [2024-02-12T22:51:44.569+0000] {dagbag.py:539} INFO - Filling up the DagBag from /opt/airflow/dags/main.py
[2024-02-12T22:51:45.048+0000] {processor.py:839} INFO - DAG(s) dict_keys(['main_dag']) retrieved from /opt/airflow/dags/main.py
[2024-02-12T22:51:45.070+0000] {logging_mixin.py:151} INFO - [2024-02-12T22:51:45.069+0000] {dag.py:2915} INFO - Sync 1 DAGs
[2024-02-12T22:51:45.080+0000] {logging_mixin.py:151} INFO - [2024-02-12T22:51:45.080+0000] {dag.py:3696} INFO - Setting next_dagrun for main_dag to 2024-02-12T00:00:00+00:00, run_after=2024-02-13T00:00:00+00:00
[2024-02-12T22:51:45.088+0000] {processor.py:179} INFO - Processing /opt/airflow/dags/main.py took 0.524 seconds
[2024-02-12T22:52:19.118+0000] {processor.py:157} INFO - Started process (PID=1643) to work on /opt/airflow/dags/main.py
[2024-02-12T22:52:19.118+0000] {processor.py:829} INFO - Processing file /opt/airflow/dags/main.py for tasks to queue
[2024-02-12T22:52:19.120+0000] {logging_mixin.py:151} INFO - [2024-02-12T22:52:19.119+0000] {dagbag.py:539} INFO - Filling up the DagBag from /opt/airflow/dags/main.py
[2024-02-12T22:52:19.588+0000] {processor.py:839} INFO - DAG(s) dict_keys(['main_dag']) retrieved from /opt/airflow/dags/main.py
[2024-02-12T22:52:19.614+0000] {logging_mixin.py:151} INFO - [2024-02-12T22:52:19.613+0000] {dag.py:2915} INFO - Sync 1 DAGs
[2024-02-12T22:52:19.630+0000] {logging_mixin.py:151} INFO - [2024-02-12T22:52:19.630+0000] {dag.py:3696} INFO - Setting next_dagrun for main_dag to 2024-02-12T00:00:00+00:00, run_after=2024-02-13T00:00:00+00:00
[2024-02-12T22:52:19.641+0000] {processor.py:179} INFO - Processing /opt/airflow/dags/main.py took 0.526 seconds
[2024-02-12T22:52:54.087+0000] {processor.py:157} INFO - Started process (PID=1678) to work on /opt/airflow/dags/main.py
[2024-02-12T22:52:54.088+0000] {processor.py:829} INFO - Processing file /opt/airflow/dags/main.py for tasks to queue
[2024-02-12T22:52:54.089+0000] {logging_mixin.py:151} INFO - [2024-02-12T22:52:54.089+0000] {dagbag.py:539} INFO - Filling up the DagBag from /opt/airflow/dags/main.py
[2024-02-12T22:52:54.586+0000] {processor.py:839} INFO - DAG(s) dict_keys(['main_dag']) retrieved from /opt/airflow/dags/main.py
[2024-02-12T22:52:54.609+0000] {logging_mixin.py:151} INFO - [2024-02-12T22:52:54.608+0000] {dag.py:2915} INFO - Sync 1 DAGs
[2024-02-12T22:52:54.622+0000] {logging_mixin.py:151} INFO - [2024-02-12T22:52:54.622+0000] {dag.py:3696} INFO - Setting next_dagrun for main_dag to 2024-02-12T00:00:00+00:00, run_after=2024-02-13T00:00:00+00:00
[2024-02-12T22:52:54.632+0000] {processor.py:179} INFO - Processing /opt/airflow/dags/main.py took 0.548 seconds
[2024-02-12T22:53:29.771+0000] {processor.py:157} INFO - Started process (PID=1705) to work on /opt/airflow/dags/main.py
[2024-02-12T22:53:29.772+0000] {processor.py:829} INFO - Processing file /opt/airflow/dags/main.py for tasks to queue
[2024-02-12T22:53:29.773+0000] {logging_mixin.py:151} INFO - [2024-02-12T22:53:29.773+0000] {dagbag.py:539} INFO - Filling up the DagBag from /opt/airflow/dags/main.py
[2024-02-12T22:53:30.199+0000] {processor.py:839} INFO - DAG(s) dict_keys(['main_dag']) retrieved from /opt/airflow/dags/main.py
[2024-02-12T22:53:30.220+0000] {logging_mixin.py:151} INFO - [2024-02-12T22:53:30.220+0000] {dag.py:2915} INFO - Sync 1 DAGs
[2024-02-12T22:53:30.232+0000] {logging_mixin.py:151} INFO - [2024-02-12T22:53:30.232+0000] {dag.py:3696} INFO - Setting next_dagrun for main_dag to 2024-02-12T00:00:00+00:00, run_after=2024-02-13T00:00:00+00:00
[2024-02-12T22:53:30.240+0000] {processor.py:179} INFO - Processing /opt/airflow/dags/main.py took 0.471 seconds
[2024-02-12T22:54:04.596+0000] {processor.py:157} INFO - Started process (PID=1732) to work on /opt/airflow/dags/main.py
[2024-02-12T22:54:04.596+0000] {processor.py:829} INFO - Processing file /opt/airflow/dags/main.py for tasks to queue
[2024-02-12T22:54:04.598+0000] {logging_mixin.py:151} INFO - [2024-02-12T22:54:04.597+0000] {dagbag.py:539} INFO - Filling up the DagBag from /opt/airflow/dags/main.py
[2024-02-12T22:54:04.989+0000] {processor.py:839} INFO - DAG(s) dict_keys(['main_dag']) retrieved from /opt/airflow/dags/main.py
[2024-02-12T22:54:05.008+0000] {logging_mixin.py:151} INFO - [2024-02-12T22:54:05.008+0000] {dag.py:2915} INFO - Sync 1 DAGs
[2024-02-12T22:54:05.020+0000] {logging_mixin.py:151} INFO - [2024-02-12T22:54:05.020+0000] {dag.py:3696} INFO - Setting next_dagrun for main_dag to 2024-02-12T00:00:00+00:00, run_after=2024-02-13T00:00:00+00:00
[2024-02-12T22:54:05.028+0000] {processor.py:179} INFO - Processing /opt/airflow/dags/main.py took 0.435 seconds
